<?xml version="1.0" encoding="UTF-8"?>
<testng-results skipped="0" failed="0" ignored="0" total="1" passed="1">
  <reporter-output>
  </reporter-output>
  <suite name="Default suite" duration-ms="19815" started-at="2020-04-07T11:49:43Z" finished-at="2020-04-07T11:50:03Z">
    <groups>
    </groups>
    <test name="Default test" duration-ms="19815" started-at="2020-04-07T11:49:43Z" finished-at="2020-04-07T11:50:03Z">
      <class name="download.PDFdownload">
        <test-method status="PASS" signature="downloadPDF()[pri:0, instance:download.PDFdownload@3abbfa04]" name="downloadPDF" duration-ms="19747" started-at="2020-04-07T11:49:43Z" finished-at="2020-04-07T11:50:03Z">
          <reporter-output>
          </reporter-output>
        </test-method> <!-- downloadPDF -->
      </class> <!-- download.PDFdownload -->
    </test> <!-- Default test -->
  </suite> <!-- Default suite -->
</testng-results>
